Monday, July 26, 2004 16:44:14 : Successfully logged onto battle.net.
Monday, July 26, 2004 16:44:14 : Starting game creations.
Monday, July 26, 2004 16:44:16 : Game #1 Created, 0 fails so far. Now waiting for game to start...
Friday, July 30, 2004 21:24:53 : We're on the main menu, choosing single player
Friday, July 30, 2004 21:24:55 : We're at the bnet login page. Logging in.
Friday, July 30, 2004 21:24:56 : in unknown location in findLocation()...
Friday, July 30, 2004 21:24:57 : We're at the bnet login page. Logging in.
Friday, July 30, 2004 21:25:00 : in unknown location in findLocation()...
Friday, July 30, 2004 21:25:02 : We're at the bnet login page. Logging in.
Friday, July 30, 2004 21:25:03 : in unknown location in findLocation()...
Friday, July 30, 2004 21:25:05 : We're at the bnet login page. Logging in.
Friday, July 30, 2004 21:25:06 : in unknown location in findLocation()...
Friday, July 30, 2004 21:33:50 : in unknown location in findLocation()...
Friday, July 30, 2004 21:33:58 : in unknown location in findLocation()...
Friday, July 30, 2004 21:33:59 : We're at the bnet login page. Logging in.
Friday, July 30, 2004 21:34:00 : in unknown location in findLocation()...
Friday, July 30, 2004 21:34:01 : We're at the bnet login page. Logging in.
Friday, July 30, 2004 21:34:02 : in unknown location in findLocation()...
Friday, July 30, 2004 21:34:03 : We're at the bnet login page. Logging in.
Friday, July 30, 2004 21:34:05 : in unknown location in findLocation()...
Friday, July 30, 2004 21:34:06 : We're at the bnet login page. Logging in.
Friday, July 30, 2004 21:34:07 : in unknown location in findLocation()...
Friday, July 30, 2004 21:34:08 : in unknown location in findLocation()...
Friday, July 30, 2004 21:34:09 : We're at the bnet login page. Logging in.
Friday, July 30, 2004 21:34:11 : We're on the main menu, choosing single player
Saturday, July 31, 2004 08:10:43 : We're at the bnet login page. Logging in.
Saturday, July 31, 2004 08:10:45 : in unknown location in findLocation()...
Saturday, July 31, 2004 08:10:46 : We're at the bnet login page. Logging in.
Saturday, July 31, 2004 08:10:47 : in unknown location in findLocation()...
Saturday, July 31, 2004 08:10:49 : We're at the bnet login page. Logging in.
Saturday, July 31, 2004 08:10:50 : in unknown location in findLocation()...
Saturday, July 31, 2004 08:10:51 : We're at the bnet login page. Logging in.
Saturday, July 31, 2004 08:10:52 : in unknown location in findLocation()...
Saturday, July 31, 2004 08:10:54 : We're at the bnet login page. Logging in.
Saturday, July 31, 2004 08:10:55 : in unknown location in findLocation()...
Saturday, July 31, 2004 08:10:56 : We're at the bnet login page. Logging in.
Saturday, July 31, 2004 08:10:58 : in unknown location in findLocation()...
Saturday, July 31, 2004 08:10:59 : We're at the bnet login page. Logging in.
Saturday, July 31, 2004 08:11:00 : in unknown location in findLocation()...
Saturday, July 31, 2004 08:11:02 : We're at the bnet login page. Logging in.
